<?xml version="1.0" encoding="UTF-8"?>
<testng-results ignored="0" total="1" passed="1" failed="0" skipped="0">
  <reporter-output>
  </reporter-output>
  <suite started-at="2022-10-04T12:42:24 IST" name="Default suite" finished-at="2022-10-04T12:42:32 IST" duration-ms="8473">
    <groups>
    </groups>
    <test started-at="2022-10-04T12:42:24 IST" name="Default test" finished-at="2022-10-04T12:42:32 IST" duration-ms="8473">
      <class name="TestNG.Login">
        <test-method is-config="true" signature="beforeMethod()[pri:0, instance:TestNG.Login@4e7912d8]" started-at="2022-10-04T12:42:24 IST" name="beforeMethod" finished-at="2022-10-04T12:42:25 IST" duration-ms="1637" status="PASS">
          <reporter-output>
          </reporter-output>
        </test-method> <!-- beforeMethod -->
        <test-method signature="f()[pri:0, instance:TestNG.Login@4e7912d8]" started-at="2022-10-04T12:42:25 IST" name="f" finished-at="2022-10-04T12:42:26 IST" duration-ms="1021" status="PASS">
          <reporter-output>
          </reporter-output>
        </test-method> <!-- f -->
        <test-method is-config="true" signature="afterMethod()[pri:0, instance:TestNG.Login@4e7912d8]" started-at="2022-10-04T12:42:26 IST" name="afterMethod" finished-at="2022-10-04T12:42:32 IST" duration-ms="5787" status="PASS">
          <reporter-output>
          </reporter-output>
        </test-method> <!-- afterMethod -->
      </class> <!-- TestNG.Login -->
    </test> <!-- Default test -->
  </suite> <!-- Default suite -->
</testng-results>
